c:\users\cdenn\desktop\school\cs440\lab2\project5\debug\vc143.pdb
c:\users\cdenn\desktop\school\cs440\lab2\project5\debug\fig2-10.obj
c:\users\cdenn\desktop\school\cs440\lab2\project6\debug\vc143.pdb
c:\users\cdenn\desktop\school\cs440\lab2\project6\debug\fig2-10.obj
c:\users\cdenn\desktop\school\cs440\finalpart1\cs440final\part1\debug\vc143.pdb
c:\users\cdenn\desktop\school\cs440\finalpart1\cs440final\part1\debug\fig2-10.obj
c:\users\cdenn\desktop\school\cs440\lab2\project5\debug\fig2-10.ilk
c:\users\cdenn\desktop\school\cs440\lab2\project5\debug\fig2-10.exe
c:\users\cdenn\desktop\school\cs440\lab2\project5\debug\fig2-10.pdb
c:\users\cdenn\desktop\school\cs440\lab2\project6\debug\fig2-10.exe
c:\users\cdenn\desktop\school\cs440\lab2\project6\debug\fig2-10.ilk
c:\users\cdenn\desktop\school\cs440\lab2\project6\debug\fig2-10.pdb
c:\users\cdenn\desktop\school\cs440\finalpart1\cs440final\part1\debug\fig2-10.ilk
c:\users\cdenn\desktop\school\cs440\finalpart1\cs440final\part1\debug\fig2-10.exe
c:\users\cdenn\desktop\school\cs440\finalpart1\cs440final\part1\debug\fig2-10.pdb
c:\users\theli\source\repos\cs440final\part1\debug\fig2-10.obj
c:\users\theli\source\repos\cs440final\part1\debug\fig2-10.ilk
c:\users\theli\source\repos\cs440final\part1\debug\vc142.idb
c:\users\theli\source\repos\cs440final\part1\debug\vc143.idb
c:\users\theli\source\repos\cs440final\part1\debug\fig2-10.pdb
c:\users\theli\source\repos\cs440final\part1\debug\vc142.pdb
c:\users\theli\source\repos\cs440final\part1\debug\vc143.pdb
c:\users\theli\source\repos\cs440final\part1\debug\fig2-10.exe
c:\users\theli\source\repos\cs440final\part1\debug\fig2-10.tlog\cl.command.1.tlog
c:\users\theli\source\repos\cs440final\part1\debug\fig2-10.tlog\cl.read.1.tlog
c:\users\theli\source\repos\cs440final\part1\debug\fig2-10.tlog\cl.write.1.tlog
c:\users\theli\source\repos\cs440final\part1\debug\fig2-10.tlog\link.command.1.tlog
c:\users\theli\source\repos\cs440final\part1\debug\fig2-10.tlog\link.read.1.tlog
c:\users\theli\source\repos\cs440final\part1\debug\fig2-10.tlog\link.write.1.tlog
